<?xml version="1.0" encoding="UTF-8"?>
<testsuite name="com.service.PostServiceTest" tests="7" skipped="0" failures="0" errors="0" timestamp="2021-04-23T04:02:02" hostname="DESKTOP-BKVSUEL" time="0.444">
  <properties/>
  <testcase name="selectAllLikedByUser()" classname="com.service.PostServiceTest" time="0.197"/>
  <testcase name="selectById()" classname="com.service.PostServiceTest" time="0.009"/>
  <testcase name="selectAllPosts()" classname="com.service.PostServiceTest" time="0.015"/>
  <testcase name="selectAllByUser()" classname="com.service.PostServiceTest" time="0.005"/>
  <testcase name="delete()" classname="com.service.PostServiceTest" time="0.196"/>
  <testcase name="insert()" classname="com.service.PostServiceTest" time="0.004"/>
  <testcase name="update()" classname="com.service.PostServiceTest" time="0.005"/>
  <system-out><![CDATA[]]></system-out>
  <system-err><![CDATA[[Test worker] INFO org.springframework.test.context.web.WebTestContextBootstrapper - Loaded default TestExecutionListener class names from location [META-INF/spring.factories]: [org.springframework.test.context.web.ServletTestExecutionListener, org.springframework.test.context.support.DirtiesContextBeforeModesTestExecutionListener, org.springframework.test.context.event.ApplicationEventsTestExecutionListener, org.springframework.test.context.support.DependencyInjectionTestExecutionListener, org.springframework.test.context.support.DirtiesContextTestExecutionListener, org.springframework.test.context.transaction.TransactionalTestExecutionListener, org.springframework.test.context.jdbc.SqlScriptsTestExecutionListener, org.springframework.test.context.event.EventPublishingTestExecutionListener]
[Test worker] INFO org.springframework.test.context.web.WebTestContextBootstrapper - Using TestExecutionListeners: [org.springframework.test.context.web.ServletTestExecutionListener@5e814a2f, org.springframework.test.context.support.DirtiesContextBeforeModesTestExecutionListener@5c5d5440, org.springframework.test.context.event.ApplicationEventsTestExecutionListener@15a4b85a, org.springframework.test.context.support.DependencyInjectionTestExecutionListener@3de0bf2b, org.springframework.test.context.support.DirtiesContextTestExecutionListener@69e45a8a, org.springframework.test.context.transaction.TransactionalTestExecutionListener@5fadeca2, org.springframework.test.context.jdbc.SqlScriptsTestExecutionListener@6f7be965, org.springframework.test.context.event.EventPublishingTestExecutionListener@575a0a46]
]]></system-err>
</testsuite>
