<?xml version="1.0" encoding="UTF-8"?>
<testsuite name="com.service.LikeServiceImplTest" tests="6" skipped="0" failures="0" errors="0" timestamp="2021-04-23T04:02:01" hostname="DESKTOP-BKVSUEL" time="0.277">
  <properties/>
  <testcase name="selectAll()" classname="com.service.LikeServiceImplTest" time="0.245"/>
  <testcase name="selectAllForPostId()" classname="com.service.LikeServiceImplTest" time="0.007"/>
  <testcase name="delete()" classname="com.service.LikeServiceImplTest" time="0.006"/>
  <testcase name="selectAllForUserId()" classname="com.service.LikeServiceImplTest" time="0.004"/>
  <testcase name="insert()" classname="com.service.LikeServiceImplTest" time="0.004"/>
  <testcase name="update()" classname="com.service.LikeServiceImplTest" time="0.004"/>
  <system-out><![CDATA[]]></system-out>
  <system-err><![CDATA[[Test worker] INFO org.springframework.test.context.web.WebTestContextBootstrapper - Loaded default TestExecutionListener class names from location [META-INF/spring.factories]: [org.springframework.test.context.web.ServletTestExecutionListener, org.springframework.test.context.support.DirtiesContextBeforeModesTestExecutionListener, org.springframework.test.context.event.ApplicationEventsTestExecutionListener, org.springframework.test.context.support.DependencyInjectionTestExecutionListener, org.springframework.test.context.support.DirtiesContextTestExecutionListener, org.springframework.test.context.transaction.TransactionalTestExecutionListener, org.springframework.test.context.jdbc.SqlScriptsTestExecutionListener, org.springframework.test.context.event.EventPublishingTestExecutionListener]
[Test worker] INFO org.springframework.test.context.web.WebTestContextBootstrapper - Using TestExecutionListeners: [org.springframework.test.context.web.ServletTestExecutionListener@541b2006, org.springframework.test.context.support.DirtiesContextBeforeModesTestExecutionListener@497eedc7, org.springframework.test.context.event.ApplicationEventsTestExecutionListener@25a277f9, org.springframework.test.context.support.DependencyInjectionTestExecutionListener@249acece, org.springframework.test.context.support.DirtiesContextTestExecutionListener@290cc14b, org.springframework.test.context.transaction.TransactionalTestExecutionListener@17221178, org.springframework.test.context.jdbc.SqlScriptsTestExecutionListener@2189a1da, org.springframework.test.context.event.EventPublishingTestExecutionListener@5397f79b]
]]></system-err>
</testsuite>
