<?xml version="1.0" encoding="UTF-8"?>
<testsuite name="com.controller.UserControllerTest" tests="13" skipped="0" failures="0" errors="0" timestamp="2021-04-23T04:02:01" hostname="DESKTOP-BKVSUEL" time="0.699">
  <properties/>
  <testcase name="getUserByUsername()" classname="com.controller.UserControllerTest" time="0.134"/>
  <testcase name="logout()" classname="com.controller.UserControllerTest" time="0.418"/>
  <testcase name="getUserByUserAndPass()" classname="com.controller.UserControllerTest" time="0.012"/>
  <testcase name="insertNewUserFail()" classname="com.controller.UserControllerTest" time="0.009"/>
  <testcase name="getAllUsers()" classname="com.controller.UserControllerTest" time="0.004"/>
  <testcase name="updateUser()" classname="com.controller.UserControllerTest" time="0.014"/>
  <testcase name="login()" classname="com.controller.UserControllerTest" time="0.008"/>
  <testcase name="insertNewUserSuccess()" classname="com.controller.UserControllerTest" time="0.007"/>
  <testcase name="getLoggedInUserFail()" classname="com.controller.UserControllerTest" time="0.005"/>
  <testcase name="updateUserFail()" classname="com.controller.UserControllerTest" time="0.004"/>
  <testcase name="getLoggedInUser()" classname="com.controller.UserControllerTest" time="0.015"/>
  <testcase name="deleteUser()" classname="com.controller.UserControllerTest" time="0.005"/>
  <testcase name="getUserById()" classname="com.controller.UserControllerTest" time="0.035"/>
  <system-out><![CDATA[User{userId=2, username='dani3', password='apple', emailAddress='ghost_girl@yahoo.com', profilePic='', description='I like ghost dogs', firstName='Danielle', lastName='Fantoni', posts=0, likes=0}
]]></system-out>
  <system-err><![CDATA[[Test worker] INFO org.springframework.test.context.web.WebTestContextBootstrapper - Loaded default TestExecutionListener class names from location [META-INF/spring.factories]: [org.springframework.test.context.web.ServletTestExecutionListener, org.springframework.test.context.support.DirtiesContextBeforeModesTestExecutionListener, org.springframework.test.context.event.ApplicationEventsTestExecutionListener, org.springframework.test.context.support.DependencyInjectionTestExecutionListener, org.springframework.test.context.support.DirtiesContextTestExecutionListener, org.springframework.test.context.transaction.TransactionalTestExecutionListener, org.springframework.test.context.jdbc.SqlScriptsTestExecutionListener, org.springframework.test.context.event.EventPublishingTestExecutionListener]
[Test worker] INFO org.springframework.test.context.web.WebTestContextBootstrapper - Using TestExecutionListeners: [org.springframework.test.context.web.ServletTestExecutionListener@69c3a674, org.springframework.test.context.support.DirtiesContextBeforeModesTestExecutionListener@6f745453, org.springframework.test.context.event.ApplicationEventsTestExecutionListener@65df5baf, org.springframework.test.context.support.DependencyInjectionTestExecutionListener@54f964e8, org.springframework.test.context.support.DirtiesContextTestExecutionListener@207d9805, org.springframework.test.context.transaction.TransactionalTestExecutionListener@6d668695, org.springframework.test.context.jdbc.SqlScriptsTestExecutionListener@72fbbab5, org.springframework.test.context.event.EventPublishingTestExecutionListener@6dba4e26]
]]></system-err>
</testsuite>
