<?xml version="1.0" encoding="UTF-8"?>
<testsuite name="com.controller.PostControllerTest" tests="7" skipped="0" failures="0" errors="0" timestamp="2021-04-23T04:02:00" hostname="DESKTOP-BKVSUEL" time="0.542">
  <properties/>
  <testcase name="getPostById()" classname="com.controller.PostControllerTest" time="0.406"/>
  <testcase name="getPostsLikedByUser()" classname="com.controller.PostControllerTest" time="0.009"/>
  <testcase name="getAllPosts()" classname="com.controller.PostControllerTest" time="0.036"/>
  <testcase name="updatePost()" classname="com.controller.PostControllerTest" time="0.019"/>
  <testcase name="createNewPost()" classname="com.controller.PostControllerTest" time="0.018"/>
  <testcase name="getPostsCreatedByUser()" classname="com.controller.PostControllerTest" time="0.014"/>
  <testcase name="deletePost()" classname="com.controller.PostControllerTest" time="0.011"/>
  <system-out><![CDATA[]]></system-out>
  <system-err><![CDATA[[Test worker] INFO org.springframework.test.context.web.WebTestContextBootstrapper - Loaded default TestExecutionListener class names from location [META-INF/spring.factories]: [org.springframework.test.context.web.ServletTestExecutionListener, org.springframework.test.context.support.DirtiesContextBeforeModesTestExecutionListener, org.springframework.test.context.event.ApplicationEventsTestExecutionListener, org.springframework.test.context.support.DependencyInjectionTestExecutionListener, org.springframework.test.context.support.DirtiesContextTestExecutionListener, org.springframework.test.context.transaction.TransactionalTestExecutionListener, org.springframework.test.context.jdbc.SqlScriptsTestExecutionListener, org.springframework.test.context.event.EventPublishingTestExecutionListener]
[Test worker] INFO org.springframework.test.context.web.WebTestContextBootstrapper - Using TestExecutionListeners: [org.springframework.test.context.web.ServletTestExecutionListener@3bb97462, org.springframework.test.context.support.DirtiesContextBeforeModesTestExecutionListener@3f4e94db, org.springframework.test.context.event.ApplicationEventsTestExecutionListener@1576a757, org.springframework.test.context.support.DependencyInjectionTestExecutionListener@4d3426aa, org.springframework.test.context.support.DirtiesContextTestExecutionListener@3d5e510a, org.springframework.test.context.transaction.TransactionalTestExecutionListener@76fdf236, org.springframework.test.context.jdbc.SqlScriptsTestExecutionListener@5691afa1, org.springframework.test.context.event.EventPublishingTestExecutionListener@3a7cd2af]
]]></system-err>
</testsuite>
