<?xml version="1.0" encoding="UTF-8"?>
<testsuite name="com.service.UserServiceImplTest" tests="9" skipped="0" failures="0" errors="0" timestamp="2021-04-23T04:02:02" hostname="DESKTOP-BKVSUEL" time="0.624">
  <properties/>
  <testcase name="checkOldPassword()" classname="com.service.UserServiceImplTest" time="0.409"/>
  <testcase name="selectById()" classname="com.service.UserServiceImplTest" time="0.01"/>
  <testcase name="selectByUsername()" classname="com.service.UserServiceImplTest" time="0.014"/>
  <testcase name="selectAllUsers()" classname="com.service.UserServiceImplTest" time="0.009"/>
  <testcase name="updateWithPassword()" classname="com.service.UserServiceImplTest" time="0.016"/>
  <testcase name="selectByUsernameAndPassword()" classname="com.service.UserServiceImplTest" time="0.031"/>
  <testcase name="delete()" classname="com.service.UserServiceImplTest" time="0.018"/>
  <testcase name="insert()" classname="com.service.UserServiceImplTest" time="0.02"/>
  <testcase name="update()" classname="com.service.UserServiceImplTest" time="0.031"/>
  <system-out><![CDATA[]]></system-out>
  <system-err><![CDATA[[Test worker] INFO org.springframework.test.context.web.WebTestContextBootstrapper - Loaded default TestExecutionListener class names from location [META-INF/spring.factories]: [org.springframework.test.context.web.ServletTestExecutionListener, org.springframework.test.context.support.DirtiesContextBeforeModesTestExecutionListener, org.springframework.test.context.event.ApplicationEventsTestExecutionListener, org.springframework.test.context.support.DependencyInjectionTestExecutionListener, org.springframework.test.context.support.DirtiesContextTestExecutionListener, org.springframework.test.context.transaction.TransactionalTestExecutionListener, org.springframework.test.context.jdbc.SqlScriptsTestExecutionListener, org.springframework.test.context.event.EventPublishingTestExecutionListener]
[Test worker] INFO org.springframework.test.context.web.WebTestContextBootstrapper - Using TestExecutionListeners: [org.springframework.test.context.web.ServletTestExecutionListener@6b6464e3, org.springframework.test.context.support.DirtiesContextBeforeModesTestExecutionListener@7b6caf34, org.springframework.test.context.event.ApplicationEventsTestExecutionListener@2e1af79c, org.springframework.test.context.support.DependencyInjectionTestExecutionListener@7979b9bb, org.springframework.test.context.support.DirtiesContextTestExecutionListener@3172990b, org.springframework.test.context.transaction.TransactionalTestExecutionListener@2ff9951e, org.springframework.test.context.jdbc.SqlScriptsTestExecutionListener@5626216a, org.springframework.test.context.event.EventPublishingTestExecutionListener@62a6fe74]
]]></system-err>
</testsuite>
